<?xml version="1.0" encoding="UTF-8"?>
<testsuite xmlns:xsi="http://www.w3.org/2001/XMLSchema-instance" xsi:noNamespaceSchemaLocation="https://maven.apache.org/surefire/maven-surefire-plugin/xsd/surefire-test-report-3.0.xsd" version="3.0" name="TestAufrufGoogleFirefox" time="5.621" tests="1" errors="0" skipped="0" failures="0">
  <properties>
[...]
</properties>
  <testcase name="testTitle" classname="TestAufrufGoogleFirefox" time="5.62">
    <system-out><![CDATA[initialisiere Webdriver
Test abgeschlossen. - Aufräumen
]]></system-out>
    <system-err><![CDATA[1634933922195	geckodriver	INFO	Listening on 127.0.0.1:42225
1634933922220	mozrunner::runner	INFO	Running command: "C:\\Program Files\\Mozilla Firefox\\firefox.exe" "--marionette" "-no-remote" "-profile" "C:\\Users\\DESKTO~1\\AppData\\Local\\Temp\\rust_mozprofilenOhwy3"
1634933922538	Marionette	INFO	Marionette enabled
console.warn: SearchSettings: "get: No settings file exists, new profile?" (new NotFoundError("Could not open the file at C:\\Users\\Desktop-Jannik\\AppData\\Local\\Temp\\rust_mozprofilenOhwy3\\search.json.mozlz4", (void 0)))
1634933924501	Marionette	INFO	Listening on port 57819
1634933924916	RemoteAgent	WARN	TLS certificate errors will be ignored for this session
Okt. 22, 2021 10:18:44 PM org.openqa.selenium.remote.ProtocolHandshake createSession
INFO: Detected dialect: W3C
1634933927111	Marionette	INFO	Stopped listening on port 57819
JavaScript error: resource:///modules/Interactions.jsm, line 201: NS_ERROR_FAILURE: Component returned failure code: 0x80004005 (NS_ERROR_FAILURE) [nsIUserIdleService.removeIdleObserver]
]]></system-err>
  </testcase>
</testsuite>